./main.o
========= READ INFO FROM CONFIG FILE =========
[  0]                MONTH_ID[STRING]
[  1]                 PROV_ID[STRING]
[  2]                 AREA_ID[STRING]
[  3]                 USER_ID[STRING]
[  4]            SERVICE_TYPE[STRING]
[  5]                PAY_MODE[STRING]
[  6]              PRODUCT_ID[STRING]
[  7]            PRODUCT_MODE[STRING]
[  8]                 CHNL_ID[STRING]
[  9]             USER_STATUS[STRING]
[ 10]                 CUST_ID[STRING]
[ 11]              IS_GRP_MBR[STRING]
[ 12]                IS_INNET[STRING]
[ 13]            IS_THIS_ACCT[STRING]
[ 14]                 IS_FREE[STRING]
[ 15]              STOP_MONTH[NUMBER]
[ 16]          LAST_STOP_DATE[STRING]
[ 17]            INNET_MONTHS[NUMBER]
[ 18]       FLUXMOST1MON_IMEI[STRING]
[ 19]           USE_TERM_TYPE[STRING]
[ 20]          IS_TERM_IPHONE[STRING]
[ 21]            IS_USE_SMART[STRING]
[ 22]                USER_3WU[STRING]
[ 23]               IS_ACTIVE[STRING]
[ 24]     IS_LOWER_VALUE_USER[NUMBER]
[ 25]        USE_STATUS_INNET[STRING]
[ 26]              TOTAL_FLUX[NUMBER]
[ 27]              LOCAL_FLUX[NUMBER]
[ 28]           LOCAL_FLUX_ZB[NUMBER]
[ 29]                JF_TIMES[NUMBER]
[ 30]   NOROAM_LOCAL_JF_TIMES[NUMBER]
[ 31]    NOROAM_LONG_JF_TIMES[NUMBER]
[ 32]                 ROAM_ZB[NUMBER]
[ 33]              ZHUJIAO_ZB[NUMBER]
[ 34]                 CDR_NUM[NUMBER]
[ 35]            TOLL_NUMS_ZB[NUMBER]
[ 36]               VIP_LEVEL[STRING]
[ 37]                ACCT_FEE[NUMBER]
[ 38]          ROAM_VOICE_FEE[NUMBER]
[ 39]             ZENGZHI_FEE[NUMBER]
[ 40]                 OWE_FEE[NUMBER]
[ 41]         OVERDUE_OWE_FEE[NUMBER]
[ 42]             P2P_SMS_CNT[NUMBER]
[ 43]                FLUX_NUM[NUMBER]
[ 44]               FLUX_TIME[NUMBER]
[ 45]           YQ_OWE_MONTHS[NUMBER]
[ 46]           STDEV_CDR_NUM[NUMBER]
[ 47]             VAR_CDR_NUM[NUMBER]
[ 48]               CALL_DAYS[NUMBER]
[ 49]          LAST_CALL_TIME[STRING]
[ 50]      CALL_DURA_LAST7_CN[NUMBER]
[ 51]       OTHER_MOBILE_RING[NUMBER]
[ 52]              CELLID_NUM[NUMBER]
[ 53]          CALLING_YIWANG[NUMBER]
[ 54]                NET_TYPE[STRING]
[ 55]               MANU_NAME[STRING]
[ 56]               LOST_FLAG[STRING]
[ 57]             STABLE_FLAG[STRING]
FOUND COLUMNS: 58
==============================================
============= READ CSV TO MATRIX =============
ROW: 99917	 COL: 52
[  0]                MONTH_ID
[  1]                 PROV_ID
[  2]                 AREA_ID
[  3]            SERVICE_TYPE
[  4]                PAY_MODE
[  5]            PRODUCT_MODE
[  6]             USER_STATUS
[  7]              IS_GRP_MBR
[  8]                IS_INNET
[  9]            IS_THIS_ACCT
[ 10]                 IS_FREE
[ 11]              STOP_MONTH
[ 12]          LAST_STOP_DATE
[ 13]            INNET_MONTHS
[ 14]           USE_TERM_TYPE
[ 15]          IS_TERM_IPHONE
[ 16]            IS_USE_SMART
[ 17]                USER_3WU
[ 18]               IS_ACTIVE
[ 19]     IS_LOWER_VALUE_USER
[ 20]        USE_STATUS_INNET
[ 21]              TOTAL_FLUX
[ 22]              LOCAL_FLUX
[ 23]           LOCAL_FLUX_ZB
[ 24]                JF_TIMES
[ 25]   NOROAM_LOCAL_JF_TIMES
[ 26]    NOROAM_LONG_JF_TIMES
[ 27]                 ROAM_ZB
[ 28]              ZHUJIAO_ZB
[ 29]                 CDR_NUM
[ 30]            TOLL_NUMS_ZB
[ 31]               VIP_LEVEL
[ 32]                ACCT_FEE
[ 33]          ROAM_VOICE_FEE
[ 34]             ZENGZHI_FEE
[ 35]                 OWE_FEE
[ 36]         OVERDUE_OWE_FEE
[ 37]             P2P_SMS_CNT
[ 38]                FLUX_NUM
[ 39]               FLUX_TIME
[ 40]           YQ_OWE_MONTHS
[ 41]           STDEV_CDR_NUM
[ 42]             VAR_CDR_NUM
[ 43]               CALL_DAYS
[ 44]          LAST_CALL_TIME
[ 45]      CALL_DURA_LAST7_CN
[ 46]       OTHER_MOBILE_RING
[ 47]              CELLID_NUM
[ 48]          CALLING_YIWANG
[ 49]                NET_TYPE
[ 50]               LOST_FLAG
[ 51]             STABLE_FLAG
==============================================
================= ABANDON ROWS ===============
4 20 23 80 100 107 117 
127 140 143 162 170 188 204 225 
232 244 246 329 338 349 354 389 
426 433 508 510 530 550 570 608 
623 665 681 721 723 724 732 746 
751 754 811 827 879 881 890 902 
908 953 1016 1044 1094 1122 1127 1128 
1129 1130 1131 1132 1133 1134 1135 1136 
1137 1138 1139 1140 1141 1142 1143 1144 
1145 1146 1147 1148 1149 1150 1151 1152 
1153 1154 1156 1157 1158 1159 1160 1161 
1162 1170 1175 1176 1178 1183 1190 1205 
1215 1216 1242 1267 1299 1318 1326 1336 
1344 1348 1374 1377 1378 1392 1395 1398 
1406 1409 1414 1430 1455 1465 1478 1496 
1519 1535 1567 1600 1605 1612 1640 1661 
1674 1706 1735 1807 1850 1863 1871 1923 
1931 1932 1974 1979 1997 2003 2058 2083 
2096 2234 2305 2395 2448 2450 2501 2525 
2526 2527 2528 2534 2551 2582 2644 2728 
2737 2741 2766 2778 2795 2811 2856 2998 
3003 3004 3005 3006 3342 3379 3397 3447 
3450 3467 3470 3471 3472 3473 3474 3475 
3477 3478 3479 3480 3481 3482 3483 3484 
3485 3486 3487 3488 3489 3490 3491 3492 
3493 3494 3495 3496 3497 3498 3499 3500 
3521 3540 3644 3655 3659 3660 3664 3666 
3667 3671 3672 3677 3678 3680 3684 3687 
3688 3690 3691 3694 3697 3699 3700 3701 
3704 3705 3706 3707 3708 3709 3710 3711 
3712 3713 3714 3715 3716 3717 3719 3720 
3721 3723 3724 3725 3726 3727 3728 3731 
3749 3764 3848 3932 3964 3979 3994 4002 
4062 4065 4066 4092 4112 4126 4162 4281 
4339 4344 4345 4366 4400 4413 4420 4440 
4468 4520 4528 4594 4631 4633 4673 4680 
4691 4861 4950 4969 5004 5022 5080 5090 
5185 5281 5339 5394 5402 5487 5675 5678 
5707 5829 5871 6057 6167 6180 6236 6415 
6467 6555 6642 6691 6721 6749 6781 6783 
6864 6951 7097 7159 7161 7181 7358 7440 
7521 7607 7611 7624 7657 7759 7829 7833 
7880 7899 7990 8035 8114 8328 8336 8338 
8342 8365 8385 8406 8473 8477 8501 8540 
8586 8617 8708 8714 8783 8789 8806 8901 
8930 8936 8941 8950 8967 9021 9035 9138 
9152 9154 9249 9278 9347 9354 9372 9388 
9403 9414 9474 9541 9633 9689 9700 9749 
9770 9886 10023 10141 10461 10475 10523 10546 
10663 10747 10870 10876 10880 10914 10924 10958 
10975 10980 11045 11055 11065 11126 11173 11188 
11208 11470 11643 11644 11646 11763 11907 11954 
12002 12133 12157 12188 12195 12197 12375 12382 
12396 12398 12400 12403 12405 12426 12443 12462 
12499 12593 12608 12650 12691 12847 13019 13032 
13044 13052 13137 13206 13216 13235 13271 13302 
13303 13320 13345 13473 13508 13567 13899 13955 
14258 14262 14280 14309 14358 14372 14385 14404 
14424 14427 14480 14491 14728 14956 14957 14959 
14960 14961 14962 14963 14964 14965 14966 14967 
14968 14969 14970 14971 14972 14973 14974 14975 
14976 14977 14978 14979 14980 14981 14982 14983 
14984 14985 14986 14987 14990 14991 14992 14993 
14996 14997 14998 14999 15001 15002 15010 15011 
15012 15013 15014 15015 15016 15017 15018 15019 
15020 15021 15023 15024 15025 15026 15027 15028 
15029 15031 15032 15033 15034 15035 15036 15037 
15038 15039 15040 15041 15042 15043 15044 15045 
15046 15047 15048 15049 15050 15051 15052 15053 
15054 15055 15056 15057 15058 15059 15060 15220 
15374 15608 15638 15876 16095 16262 16403 16459 
16784 16995 17046 17099 17164 17312 17454 17516 
17571 17572 17937 18015 18042 18052 18286 18441 
18590 18899 18904 19040 19060 19197 19302 19511 
19538 19559 19600 19618 19661 19695 19888 19915 
19931 20383 20411 20469 20589 20649 20661 20721 
20780 20803 20914 20956 21464 21475 21529 21626 
21776 21784 21887 21929 22038 22071 22084 22356 
22454 22487 22526 22932 22974 23088 23096 23140 
23359 23369 23370 23409 23424 23775 23873 23881 
24099 24276 24322 24539 24595 24614 24651 24834 
24965 25145 25192 25257 25309 25373 25544 25559 
25596 25691 26044 26059 26070 26091 26325 26573 
26575 26671 26954 26994 27021 27077 27163 27190 
27352 27355 27377 27507 27541 27940 27974 28014 
28098 28104 28106 28188 28411 28439 28637 28801 
28915 28921 28933 29295 29360 29775 29792 29960 
29979 30096 30223 30284 30399 30409 30424 30520 
30524 30536 30810 30825 30849 30864 30978 31002 
31204 31288 31308 31337 31504 31568 31569 31601 
31740 31792 31848 31868 32058 32277 32336 32441 
32443 32553 32560 32573 32608 32646 32673 32722 
32740 32889 33053 33079 33168 33193 33287 33384 
33396 33402 33601 33795 33796 33803 33862 33865 
33886 34195 34264 34376 34447 34451 34476 34480 
34500 34684 34744 34749 34827 34850 34962 34994 
35200 35326 35460 35512 35542 35586 35893 36234 
36712 37250 37277 37307 37455 37544 37560 38180 
38349 38430 38603 38659 38694 38696 38714 39096 
39190 39218 39226 39330 39369 39378 39545 39585 
39586 40011 40132 40165 40176 40436 40438 40466 
40487 40490 40644 40823 40888 40908 41014 41049 
41090 41098 41099 41200 41202 41205 41206 41207 
41209 41210 41211 41216 41219 41221 41225 41226 
41227 41230 41233 41234 41235 41237 41239 41242 
41243 41251 41254 41261 41262 41380 41522 41528 
41575 41639 41913 41933 41982 42035 42126 42131 
42235 42237 42238 42241 42242 42243 42244 42245 
42250 42251 42252 42254 42256 42390 42484 42499 
42562 42586 42691 42778 42828 42832 42869 42870 
42873 42877 42922 42925 42952 42973 43029 43250 
43288 43298 43436 43659 43705 43742 43744 43770 
43771 43772 43774 43775 43884 43886 43920 43921 
44038 44157 44244 44260 44282 44296 44304 44349 
44365 44366 44368 44371 44375 44377 44379 44380 
44383 44385 44391 44394 44398 44401 44424 44467 
44468 44469 44472 44514 44586 44587 44590 44592 
44593 44595 44596 44618 44658 44843 44861 44881 
44905 44930 44938 45055 45056 45057 45058 45059 
45061 45066 45067 45069 45070 45071 45072 45073 
45074 45075 45076 45077 45099 45123 45150 45153 
45154 45157 45158 45159 45232 45234 45235 45237 
45240 45256 45261 45263 45264 45270 45271 45275 
45280 45285 45327 45328 45330 45331 45332 45333 
45334 45335 45336 45337 45401 45474 45476 45479 
45480 45484 45491 45495 45515 45691 45693 45694 
45701 45722 45723 45730 45733 45758 45772 45775 
45897 46015 46027 46057 46062 46098 46120 46137 
46144 46145 46213 46214 46215 46220 46221 46225 
46228 46231 46236 46237 46383 46413 46421 46471 
46492 46547 46632 46638 46644 46650 46652 46658 
46659 46660 46661 46665 46669 46671 46672 46681 
46811 46839 46844 46868 46871 46873 46890 46914 
46937 47000 47005 47007 47040 47044 47048 47050 
47055 47058 47059 47099 47102 47170 47180 47221 
47348 47349 47350 47451 47452 47453 47454 47455 
47456 47459 47460 47461 47462 47463 47465 47533 
47552 47559 47563 47685 47698 47725 47761 47794 
47814 47816 47826 47829 47831 47834 47835 47836 
47839 47841 47842 47851 47852 47887 47937 47944 
47956 47957 47961 47962 47963 47966 47969 48047 
48068 48069 48071 48072 48074 48108 48138 48157 
48180 48232 48246 48261 48263 48475 48487 48490 
48506 48537 48546 48549 48565 48608 48618 48627 
48628 48630 48631 48633 48636 48637 48642 48643 
48649 48650 48657 48700 48752 48876 48889 49003 
49023 49032 49052 49055 49060 49070 49112 49116 
49118 49134 49135 49136 49137 49140 49141 49146 
49147 49232 49234 49250 49279 49324 49331 49333 
49381 49438 49470 49519 49663 49664 49665 49670 
49672 49674 49675 49677 49678 49685 49687 49695 
49730 49836 49841 49842 49844 49846 49852 49853 
49856 49857 49861 49862 49863 49867 49868 49869 
49871 49873 49876 49936 50010 50011 50071 50106 
50170 50173 50174 50177 50181 50187 50189 50190 
50192 50196 50197 50199 50201 50203 50205 50207 
50209 50210 50211 50220 50234 50239 50343 50361 
50364 50365 50366 50367 50370 50372 50393 50423 
50637 50641 50689 50730 50733 50736 50827 50859 
50860 50863 50867 50868 50869 50874 50897 50902 
50903 50905 50906 50909 50910 50911 50938 50955 
50960 50961 50964 50966 50967 50974 50975 50982 
50987 50988 50989 50993 50994 50995 50997 50999 
51003 51007 51008 51009 51015 51017 51019 51023 
51028 51029 51035 51039 51040 51049 51054 51055 
51059 51063 51065 51066 51067 51070 51071 51073 
51074 51079 51082 51088 51092 51094 51098 51099 
51100 51133 51155 51168 51180 51185 51187 51196 
51260 51349 51480 51503 51580 51601 51606 52025 
52216 52309 52366 52431 52452 52464 52592 52639 
52668 52674 52843 52969 53036 53320 53344 53349 
53377 53388 53449 53511 53545 53560 53563 53603 
53685 53796 53948 53980 53986 54079 54084 54293 
54323 54402 54405 54442 54497 54526 54548 54634 
54651 54670 54693 54734 54754 54768 54801 54809 
54815 54820 54824 54876 55054 55075 55175 55230 
55332 55342 55346 55351 55354 55371 55505 55571 
55585 55596 55658 55751 55782 55841 55850 55852 
55853 55857 55908 55909 55931 55947 55985 55987 
55990 55999 56010 56046 56105 56185 56192 56194 
56197 56203 56238 56254 56269 56299 56324 56338 
56354 56447 56487 56499 56542 56544 56554 56586 
56607 56627 56635 56652 56658 56676 56736 56871 
56889 56907 56919 56966 56981 57006 57015 57041 
57051 57060 57071 57105 57168 57185 57210 57230 
57283 57293 57305 57381 57406 57415 57483 57488 
57524 57556 57563 57566 57603 57624 57627 57630 
57644 57662 57675 57679 57687 57701 57768 57872 
57967 57982 58016 58062 58098 58099 58103 58142 
58164 58199 58201 58206 58217 58227 58237 58247 
58256 58313 58340 58385 58420 58456 58469 58498 
58523 58627 58634 58662 58714 58802 58818 58833 
58859 58972 58985 59000 59019 59041 59043 59155 
59156 59157 59242 59246 59252 59277 59328 59366 
59385 59419 59447 59666 59668 59669 59681 59705 
59735 59834 59837 59854 59876 59890 59918 59925 
59943 59977 60028 60047 60058 60124 60128 60131 
60145 60157 60206 60294 60351 60370 60402 60403 
60412 60432 60459 60472 60482 60501 60524 60540 
60557 60566 60576 60618 60718 60741 60766 60795 
60835 60850 60851 60860 60909 60943 60987 61009 
61021 61033 61056 61061 61097 61111 61118 61142 
61143 61145 61146 61157 61161 61252 61317 61420 
61462 61478 61481 61483 61503 61515 61548 61591 
61599 61617 61708 61777 61822 61833 61844 61871 
61912 61971 61982 61984 62002 62024 62053 62075 
62084 62102 62141 62161 62163 62166 62174 62227 
62240 62266 62328 62330 62332 62405 62407 62414 
62442 62460 62532 62660 62675 62681 62699 62705 
62716 62726 62730 62758 62763 62803 62807 62847 
62858 62986 62998 63004 63022 63062 63064 63116 
63144 63200 63215 63222 63227 63247 63273 63274 
63277 63286 63292 63321 63330 63339 63385 63413 
63427 63455 63470 63541 63564 63568 63577 63597 
63699 63838 63858 63952 63975 64023 64071 64075 
64115 64144 64156 64172 64196 64218 64235 64247 
64255 64288 64295 64314 64331 64337 64353 64431 
64463 64520 64581 64649 64655 64682 64696 64743 
64763 64785 64822 64850 64866 64874 64906 64933 
65045 65048 65061 65072 65206 65255 65302 65362 
65422 65428 65458 65518 65592 65692 65710 65721 
65763 65858 65864 65870 65879 65924 66001 66004 
66008 66039 66046 66224 66257 66323 66353 66410 
66427 66521 66574 66594 66721 66763 66780 66781 
66788 66930 66991 66996 66998 67038 67060 67063 
67071 67097 67121 67134 67176 67243 67251 67253 
67280 67331 67416 67424 67468 67481 67491 67540 
67554 67558 67576 67601 67647 67648 67684 67686 
67705 67715 67833 67840 67859 67863 67909 67930 
67952 67954 67964 67998 68037 68045 68085 68103 
68129 68148 68152 68179 68318 68340 68346 68349 
68353 68392 68426 68467 68469 68500 68506 68590 
68611 68612 68678 68738 68874 68933 68941 68953 
68958 68977 68997 69026 69041 69045 69057 69064 
69095 69102 69105 69126 69134 69137 69302 69308 
69352 69364 69437 69503 69513 69543 69553 69599 
69613 69665 69689 69692 69753 69789 69790 69793 
69798 69800 69807 69808 69809 69810 69811 69819 
69822 69829 69830 69864 69921 69981 70049 70067 
70086 70123 70353 70425 70443 70493 70579 70598 
70599 70861 70863 70864 71137 71151 71212 71226 
71265 71369 71405 71408 71451 71474 71519 71556 
71653 71660 71673 71720 71729 71776 71785 71839 
71840 71856 71867 71902 71905 71906 71909 71910 
71996 72010 72012 72107 72109 72111 72137 72162 
72179 72206 72234 72251 72260 72276 72303 72361 
72384 72399 72426 72527 72538 72552 72566 72592 
72615 72626 72632 72645 72958 72987 72995 73045 
73052 73054 73063 73092 73111 73133 73150 73154 
73155 73231 73316 73391 73396 73405 73484 73505 
73506 73518 73605 73609 73611 73740 73771 73799 
73894 73933 73972 73975 73980 74011 74033 74046 
74059 74064 74166 74295 74315 74322 74323 74403 
74445 74450 74489 74537 74632 74655 74698 74708 
74726 74746 74770 74793 74815 74816 74972 74983 
75041 75046 75061 75063 75169 75237 75263 75284 
75326 75389 75454 75481 75580 75634 75647 75648 
75717 75766 75863 75955 75975 76059 76109 76114 
76122 76175 76214 76283 76287 76321 76357 76412 
76453 76468 76470 76487 76507 76514 76767 76886 
76946 76965 76978 76980 76999 77062 77081 77105 
77133 77139 77237 77285 77304 77342 77412 77524 
77530 77557 77623 77629 77687 77704 77760 77762 
77767 77779 77794 77803 77880 77890 77905 78021 
78025 78054 78157 78158 78162 78203 78255 78258 
78400 78408 78414 78568 78792 78818 78836 78837 
78866 78885 78890 78948 79057 79097 79148 79192 
79275 79350 79360 79379 79470 79476 79565 79776 
79837 79840 79841 79844 79882 79900 79902 80040 
80222 80225 80234 80235 80261 80335 80395 80461 
80481 80509 80518 80619 80769 80771 80852 80861 
80901 80906 80954 80967 80983 80999 81009 81037 
81057 81100 81154 81160 81171 81187 81230 81253 
81460 81486 81532 81584 81656 81668 81675 81749 
81798 81799 81800 81801 81805 81807 81808 81864 
81870 81882 81925 81935 82023 82079 82124 82134 
82135 82148 82157 82162 82206 82249 82379 82415 
82581 82591 82593 82599 82681 82683 82685 82692 
82695 82710 82712 82785 82860 82872 82874 82887 
82959 83060 83100 83183 83188 83221 83246 83250 
83325 83336 83372 83390 83408 83447 83585 83594 
83611 83665 83676 83699 83700 83707 83712 83730 
83731 83736 83781 83792 83810 83868 83938 83973 
84010 84014 84055 84123 84141 84185 84246 84300 
84301 84309 84339 84366 84376 84457 84469 84569 
84712 84724 84802 84822 84887 84943 84946 84975 
84988 84993 85080 85138 85148 85154 85178 85214 
85227 85250 85279 85369 85370 85462 85474 85514 
85522 85551 85692 85700 85743 85746 85760 85770 
85776 85811 85862 85874 86110 86114 86117 86182 
86215 86229 86235 86236 86239 86247 86248 86250 
86347 86397 86401 86406 86495 86500 86520 86523 
86537 86544 86614 86663 86704 86715 86732 86738 
86741 86748 86792 86819 87074 87104 87110 87136 
87153 87156 87163 87175 87177 87185 87205 87220 
87282 87300 87319 87325 87411 87453 87467 87570 
87597 87636 87654 87683 87755 87774 87800 87814 
87819 87820 87868 87871 87874 87900 87901 87950 
87952 88004 88060 88110 88133 88168 88333 88334 
88338 88380 88401 88402 88404 88409 88421 88450 
88578 88597 88626 88657 88687 88779 88781 88793 
88796 88883 88886 88949 88958 89000 89003 89011 
89093 89098 89147 89186 89207 89224 89305 89328 
89330 89460 89466 89487 89496 89515 89517 89519 
89530 89632 89650 89676 89686 89688 89708 89801 
89856 89879 89903 89904 89906 89907 89909 89914 
89922 89926 89929 89946 89961 90012 90064 90091 
90113 90123 90134 90221 90222 90228 90291 90351 
90352 90389 90392 90400 90401 90424 90433 90483 
90493 90515 90530 90563 90567 90585 90617 90636 
90778 90811 90864 90920 90933 90973 91004 91013 
91023 91024 91025 91109 91126 91208 91235 91277 
91283 91298 91370 91378 91386 91415 91461 91549 
91596 91608 91614 91655 91661 91676 91692 91738 
91749 91780 91817 91823 91848 91857 91879 91885 
91895 91952 91968 91971 92013 92030 92086 92100 
92117 92134 92167 92178 92191 92227 92316 92361 
92384 92385 92411 92412 92415 92455 92515 92519 
92524 92526 92556 92557 92560 92577 92601 92635 
92643 92653 92756 92762 92844 92848 92872 92885 
92889 92900 92913 92980 92991 93008 93015 93111 
93156 93163 93206 93207 93236 93256 93277 93284 
93343 93357 93363 93409 93513 93537 93590 93640 
93647 93652 93657 93696 93770 93805 93831 93861 
93908 93909 93916 93959 94052 94085 94101 94127 
94259 94280 94281 94363 94424 94545 94563 94596 
94623 94642 94703 94721 94745 94775 94781 94820 
94859 94861 95143 95262 95326 95327 95332 95343 
95348 95360 95444 95459 95464 95475 95480 95518 
95575 95577 95633 95684 95814 95831 95915 95936 
95997 96103 96105 96110 96115 96117 96129 96254 
96336 96368 96385 96387 96416 96506 96533 96641 
96680 96914 96958 96992 97008 97057 97081 97153 
97227 97246 97321 97344 97371 97373 97397 97400 
97402 97417 97418 97424 97429 97430 97433 97435 
97441 97444 97445 97449 97462 97474 97475 97478 
97483 97486 97491 97492 97493 97496 97497 97500 
97504 97505 97506 97508 97511 97516 97519 97524 
97527 97528 97529 97530 97533 97537 97540 97542 
97543 97547 97550 97551 97553 97556 97559 97567 
97568 97569 97571 97572 97574 97576 97579 97581 
97584 97598 97599 97600 97601 97603 97606 97617 
97618 97619 97623 97624 97625 97626 97630 97633 
97637 97639 97651 97654 97655 97658 97665 97671 
97678 97681 97689 97690 97692 97697 97701 97704 
97712 97715 97716 97719 97720 97724 97727 97728 
97729 97730 97740 97741 97742 97743 97748 97749 
97751 97754 97757 97761 97762 97766 97769 97771 
97796 97797 97798 97806 97813 97815 97816 97831 
97841 97851 97856 97857 97862 97863 97867 97868 
97883 97885 97887 97890 97892 97896 97898 97908 
97910 97925 97933 97937 97943 97946 97956 97965 
97967 97968 97972 97973 97985 97989 97990 98011 
98029 98032 98033 98046 98054 98057 98157 98160 
98169 98207 98241 98252 98263 98273 98281 98293 
98301 98310 98322 98325 98347 98359 98362 98379 
98400 98414 98418 98419 98441 98446 98471 98472 
98506 98511 98525 98529 98547 98562 98572 98585 
98620 98636 98643 98644 98680 98681 98682 98697 
98713 98770 98812 98835 98903 98956 98969 99000 
99026 99049 99066 99103 99125 99146 99155 99156 
99164 99202 99207 99221 99243 99269 99305 99313 
99368 99458 99488 99490 99495 99566 99588 99593 
99638 99642 99677 99710 99711 99719 99724 99730 
99735 99745 99746 99761 99762 99772 99800 99811 
99880 99885 99906 
TOTAL: [2922] ROWS.
==============================================
============== COLUMNS REMAINED ==============
[  0]                 AREA_ID
[  1]                PAY_MODE
[  2]            PRODUCT_MODE
[  3]             USER_STATUS
[  4]              IS_GRP_MBR
[  5]              STOP_MONTH
[  6]          LAST_STOP_DATE
[  7]            INNET_MONTHS
[  8]           USE_TERM_TYPE
[  9]          IS_TERM_IPHONE
[ 10]            IS_USE_SMART
[ 11]                USER_3WU
[ 12]               IS_ACTIVE
[ 13]     IS_LOWER_VALUE_USER
[ 14]        USE_STATUS_INNET
[ 15]              TOTAL_FLUX
[ 16]              LOCAL_FLUX
[ 17]           LOCAL_FLUX_ZB
[ 18]                JF_TIMES
[ 19]   NOROAM_LOCAL_JF_TIMES
[ 20]    NOROAM_LONG_JF_TIMES
[ 21]                 ROAM_ZB
[ 22]              ZHUJIAO_ZB
[ 23]                 CDR_NUM
[ 24]            TOLL_NUMS_ZB
[ 25]                ACCT_FEE
[ 26]          ROAM_VOICE_FEE
[ 27]                 OWE_FEE
[ 28]         OVERDUE_OWE_FEE
[ 29]             P2P_SMS_CNT
[ 30]                FLUX_NUM
[ 31]               FLUX_TIME
[ 32]           YQ_OWE_MONTHS
[ 33]           STDEV_CDR_NUM
[ 34]             VAR_CDR_NUM
[ 35]               CALL_DAYS
[ 36]          LAST_CALL_TIME
[ 37]      CALL_DURA_LAST7_CN
[ 38]       OTHER_MOBILE_RING
[ 39]              CELLID_NUM
[ 40]          CALLING_YIWANG
[ 41]                NET_TYPE
[ 42]             STABLE_FLAG
TOTAL: [43] COLUMNS.
==============================================
============== EXPAND VARIABLES ==============
[  0]                 AREA_ID(    V0540100)
[  1]                 AREA_ID(    V0542400)
[  2]                 AREA_ID(    V0542300)
[  3]                 AREA_ID(    V0542600)
[  4]                 AREA_ID(    V0542200)
[  5]                 AREA_ID(    V0542100)
[  6]                 AREA_ID(    V0542500)
[  7]                PAY_MODE(          02)
[  8]                PAY_MODE(          05)
[  9]                PAY_MODE(          01)
[ 10]            PRODUCT_MODE(      010199)
[ 11]            PRODUCT_MODE(      010399)
[ 12]            PRODUCT_MODE(      010303)
[ 13]            PRODUCT_MODE(      010305)
[ 14]            PRODUCT_MODE(      010301)
[ 15]            PRODUCT_MODE(    99020199)
[ 16]            PRODUCT_MODE(      010299)
[ 17]            PRODUCT_MODE(      010999)
[ 18]            PRODUCT_MODE(      010302)
[ 19]            PRODUCT_MODE(      010202)
[ 20]            PRODUCT_MODE(      050199)
[ 21]            PRODUCT_MODE(      010205)
[ 22]            PRODUCT_MODE(      020199)
[ 23]            PRODUCT_MODE(      010201)
[ 24]            PRODUCT_MODE(      010304)
[ 25]            PRODUCT_MODE(      020229)
[ 26]            PRODUCT_MODE(      020299)
[ 27]            PRODUCT_MODE(      059999)
[ 28]            PRODUCT_MODE(      020192)
[ 29]            PRODUCT_MODE(        0002)
[ 30]             USER_STATUS(          11)
[ 31]             USER_STATUS(         212)
[ 32]             USER_STATUS(         221)
[ 33]             USER_STATUS(         299)
[ 34]             USER_STATUS(          24)
[ 35]              IS_GRP_MBR(           0)
[ 36]              STOP_MONTH
[ 37]          LAST_STOP_DATE(           0)
[ 38]          LAST_STOP_DATE(           6)
[ 39]          LAST_STOP_DATE(           3)
[ 40]          LAST_STOP_DATE(           2)
[ 41]          LAST_STOP_DATE(           5)
[ 42]          LAST_STOP_DATE(           1)
[ 43]          LAST_STOP_DATE(           4)
[ 44]          LAST_STOP_DATE(         402)
[ 45]          LAST_STOP_DATE(         199)
[ 46]          LAST_STOP_DATE(         301)
[ 47]          LAST_STOP_DATE(          -1)
[ 48]          LAST_STOP_DATE(         202)
[ 49]          LAST_STOP_DATE(           7)
[ 50]          LAST_STOP_DATE(         201)
[ 51]          LAST_STOP_DATE(          96)
[ 52]          LAST_STOP_DATE(          97)
[ 53]          LAST_STOP_DATE(         101)
[ 54]          LAST_STOP_DATE(          99)
[ 55]          LAST_STOP_DATE(          98)
[ 56]            INNET_MONTHS
[ 57]           USE_TERM_TYPE(          4G)
[ 58]           USE_TERM_TYPE(          3G)
[ 59]           USE_TERM_TYPE(          2G)
[ 60]           USE_TERM_TYPE(          00)
[ 61]           USE_TERM_TYPE(           0)
[ 62]          IS_TERM_IPHONE(           0)
[ 63]            IS_USE_SMART(           1)
[ 64]                USER_3WU(           0)
[ 65]               IS_ACTIVE(           1)
[ 66]     IS_LOWER_VALUE_USER
[ 67]        USE_STATUS_INNET(           5)
[ 68]        USE_STATUS_INNET(           7)
[ 69]        USE_STATUS_INNET(           4)
[ 70]        USE_STATUS_INNET(           1)
[ 71]        USE_STATUS_INNET(           2)
[ 72]        USE_STATUS_INNET(           0)
[ 73]        USE_STATUS_INNET(           3)
[ 74]        USE_STATUS_INNET(           6)
[ 75]              TOTAL_FLUX
[ 76]              LOCAL_FLUX
[ 77]           LOCAL_FLUX_ZB
[ 78]                JF_TIMES
[ 79]   NOROAM_LOCAL_JF_TIMES
[ 80]    NOROAM_LONG_JF_TIMES
[ 81]                 ROAM_ZB
[ 82]              ZHUJIAO_ZB
[ 83]                 CDR_NUM
[ 84]            TOLL_NUMS_ZB
[ 85]                ACCT_FEE
[ 86]          ROAM_VOICE_FEE
[ 87]                 OWE_FEE
[ 88]         OVERDUE_OWE_FEE
[ 89]             P2P_SMS_CNT
[ 90]                FLUX_NUM
[ 91]               FLUX_TIME
[ 92]           YQ_OWE_MONTHS
[ 93]           STDEV_CDR_NUM
[ 94]             VAR_CDR_NUM
[ 95]               CALL_DAYS
[ 96]          LAST_CALL_TIME(           4)
[ 97]          LAST_CALL_TIME(          -1)
[ 98]          LAST_CALL_TIME(           0)
[ 99]          LAST_CALL_TIME(           3)
[100]          LAST_CALL_TIME(          15)
[101]          LAST_CALL_TIME(           2)
[102]          LAST_CALL_TIME(           8)
[103]          LAST_CALL_TIME(           9)
[104]          LAST_CALL_TIME(          10)
[105]          LAST_CALL_TIME(          12)
[106]          LAST_CALL_TIME(           1)
[107]          LAST_CALL_TIME(          17)
[108]          LAST_CALL_TIME(           7)
[109]          LAST_CALL_TIME(          25)
[110]          LAST_CALL_TIME(          27)
[111]          LAST_CALL_TIME(           5)
[112]          LAST_CALL_TIME(          16)
[113]          LAST_CALL_TIME(           6)
[114]          LAST_CALL_TIME(          11)
[115]          LAST_CALL_TIME(          14)
[116]          LAST_CALL_TIME(          13)
[117]          LAST_CALL_TIME(          18)
[118]          LAST_CALL_TIME(          26)
[119]          LAST_CALL_TIME(          19)
[120]          LAST_CALL_TIME(          29)
[121]          LAST_CALL_TIME(          28)
[122]          LAST_CALL_TIME(          22)
[123]          LAST_CALL_TIME(          21)
[124]          LAST_CALL_TIME(          20)
[125]          LAST_CALL_TIME(          23)
[126]          LAST_CALL_TIME(          24)
[127]          LAST_CALL_TIME(          99)
[128]      CALL_DURA_LAST7_CN
[129]       OTHER_MOBILE_RING
[130]              CELLID_NUM
[131]          CALLING_YIWANG
[132]                NET_TYPE(           4)
[133]                NET_TYPE(           0)
[134]                NET_TYPE(           1)
[135]                NET_TYPE(           3)
[136]                NET_TYPE(           2)
[137]             STABLE_FLAG(           1)
TOTAL: [138] COLUMNS.
==============================================
=============== NORMALIZATION ================
ROW NUM = [ 96995]
COL NUM = [   138]
 METHOD = NORM_MIN_MAX
==============================================
=========== PEARSON RANK SELECTION ===========
[  0]                 AREA_ID(    V0540100)
[  1]                 AREA_ID(    V0542400)
[  2]                 AREA_ID(    V0542300)
[  3]                 AREA_ID(    V0542600)
[  4]                 AREA_ID(    V0542200)
[  5]                 AREA_ID(    V0542100)
[  6]                 AREA_ID(    V0542500)
[  7]                PAY_MODE(          02)
[  8]                PAY_MODE(          05)
[  9]                PAY_MODE(          01)
[ 10]            PRODUCT_MODE(      010199)
[ 11]            PRODUCT_MODE(      010399)
[ 12]            PRODUCT_MODE(      010303)
[ 13]            PRODUCT_MODE(      010305)
[ 14]            PRODUCT_MODE(      010301)
[ 15]            PRODUCT_MODE(    99020199)
[ 16]            PRODUCT_MODE(      010299)
[ 17]            PRODUCT_MODE(      010999)
[ 18]            PRODUCT_MODE(      010302)
[ 19]            PRODUCT_MODE(      010202)
[ 20]            PRODUCT_MODE(      050199)
[ 21]            PRODUCT_MODE(      010205)
[ 22]            PRODUCT_MODE(      020199)
[ 23]            PRODUCT_MODE(      010201)
[ 24]            PRODUCT_MODE(      010304)
[ 25]            PRODUCT_MODE(      020229)
[ 26]            PRODUCT_MODE(      020299)
[ 27]            PRODUCT_MODE(      059999)
[ 28]            PRODUCT_MODE(      020192)
[ 29]            PRODUCT_MODE(        0002)
[ 30]             USER_STATUS(          11)
[ 31]             USER_STATUS(         212)
[ 32]             USER_STATUS(         221)
[ 33]             USER_STATUS(         299)
[ 34]             USER_STATUS(          24)
[ 35]              IS_GRP_MBR(           0)
[ 36]          LAST_STOP_DATE(           0)
[ 37]          LAST_STOP_DATE(           6)
[ 38]          LAST_STOP_DATE(           3)
[ 39]          LAST_STOP_DATE(           2)
[ 40]          LAST_STOP_DATE(           5)
[ 41]          LAST_STOP_DATE(           1)
[ 42]          LAST_STOP_DATE(           4)
[ 43]          LAST_STOP_DATE(         402)
[ 44]          LAST_STOP_DATE(         199)
[ 45]          LAST_STOP_DATE(         301)
[ 46]          LAST_STOP_DATE(          -1)
[ 47]          LAST_STOP_DATE(         202)
[ 48]          LAST_STOP_DATE(           7)
[ 49]          LAST_STOP_DATE(         201)
[ 50]          LAST_STOP_DATE(          96)
[ 51]          LAST_STOP_DATE(          97)
[ 52]          LAST_STOP_DATE(         101)
[ 53]          LAST_STOP_DATE(          99)
[ 54]          LAST_STOP_DATE(          98)
[ 55]            INNET_MONTHS
[ 56]           USE_TERM_TYPE(          4G)
[ 57]           USE_TERM_TYPE(          3G)
[ 58]           USE_TERM_TYPE(          2G)
[ 59]           USE_TERM_TYPE(          00)
[ 60]           USE_TERM_TYPE(           0)
[ 61]          IS_TERM_IPHONE(           0)
[ 62]            IS_USE_SMART(           1)
[ 63]        USE_STATUS_INNET(           5)
[ 64]        USE_STATUS_INNET(           7)
[ 65]        USE_STATUS_INNET(           4)
[ 66]        USE_STATUS_INNET(           1)
[ 67]        USE_STATUS_INNET(           2)
[ 68]        USE_STATUS_INNET(           0)
[ 69]        USE_STATUS_INNET(           3)
[ 70]        USE_STATUS_INNET(           6)
[ 71]           LOCAL_FLUX_ZB
[ 72]                 ROAM_ZB
[ 73]              ZHUJIAO_ZB
[ 74]            TOLL_NUMS_ZB
[ 75]          ROAM_VOICE_FEE
[ 76]             P2P_SMS_CNT
[ 77]               FLUX_TIME
[ 78]           YQ_OWE_MONTHS
[ 79]             VAR_CDR_NUM
[ 80]          LAST_CALL_TIME(           4)
[ 81]          LAST_CALL_TIME(          -1)
[ 82]          LAST_CALL_TIME(           0)
[ 83]          LAST_CALL_TIME(           3)
[ 84]          LAST_CALL_TIME(          15)
[ 85]          LAST_CALL_TIME(           2)
[ 86]          LAST_CALL_TIME(           8)
[ 87]          LAST_CALL_TIME(           9)
[ 88]          LAST_CALL_TIME(          10)
[ 89]          LAST_CALL_TIME(          12)
[ 90]          LAST_CALL_TIME(           1)
[ 91]          LAST_CALL_TIME(          17)
[ 92]          LAST_CALL_TIME(           7)
[ 93]          LAST_CALL_TIME(          25)
[ 94]          LAST_CALL_TIME(          27)
[ 95]          LAST_CALL_TIME(           5)
[ 96]          LAST_CALL_TIME(          16)
[ 97]          LAST_CALL_TIME(           6)
[ 98]          LAST_CALL_TIME(          11)
[ 99]          LAST_CALL_TIME(          14)
[100]          LAST_CALL_TIME(          13)
[101]          LAST_CALL_TIME(          18)
[102]          LAST_CALL_TIME(          26)
[103]          LAST_CALL_TIME(          19)
[104]          LAST_CALL_TIME(          29)
[105]          LAST_CALL_TIME(          28)
[106]          LAST_CALL_TIME(          22)
[107]          LAST_CALL_TIME(          21)
[108]          LAST_CALL_TIME(          20)
[109]          LAST_CALL_TIME(          23)
[110]          LAST_CALL_TIME(          24)
[111]          LAST_CALL_TIME(          99)
[112]      CALL_DURA_LAST7_CN
[113]              CELLID_NUM
[114]          CALLING_YIWANG
[115]                NET_TYPE(           4)
[116]                NET_TYPE(           0)
[117]                NET_TYPE(           1)
[118]                NET_TYPE(           3)
[119]                NET_TYPE(           2)
[120]             STABLE_FLAG(           1)
==============================================
PLEASE CHOOSE ALGORITHM(1:BP, 2:LR): 52 82 82 90 45 77 84 50 78 53 
GPU NUM: 2
time cost : 49265.46484 (ms). 
-1.812903	-9.279279	13.179451	7.426014	7.813964	-3.306963	-12.493151	28.484526	-17.424240	-13.534583	1.419988	-1.638091	-4.826922	15.403601	-18.472412	-23.570242	21.616699	-16.392023	-0.713370	9.550375	5.137233	1.005733	1.019999	1.650720	6.721262	1.077172	22.289232	1.629915	-9.382641	1.000000	-2.072878	-4.928532	4.512567	1.012656	1.000000	-19.446598	16.361536	1.010000	-1.780805	-6.697537	1.040000	-9.408780	1.000000	1.000000	1.000000	1.000000	1.000000	1.000000	1.000000	1.000000	1.000000	1.000000	1.000000	1.000000	1.000000	331.520752	-3.460093	-0.224345	8.904730	-3.860385	-1.832188	7.314253	-15.986328	-13.326829	-24.484732	-4.419886	-9.815036	2.058686	21.409491	1.421524	29.706676	-151.702454	-161.444626	-39.956650	-101.363945	-78.396362	-3.737860	-53.482788	-1.481838	-148.580276	61.681290	180.405502	139.220596	79.174484	-35.814808	101.763748	10.479182	-6.771519	-14.383947	-29.611053	124.534973	-34.131618	16.919905	-31.693628	-60.839615	34.716991	-35.869217	13.694878	-28.160021	-31.875347	-29.306059	-32.787304	-35.500217	-36.864609	-61.007893	-59.564972	-28.300833	-28.751991	-33.420891	-34.170654	-42.650986	-4.399026	-19.368273	-42.946281	154.176407	48.354340	-13.347974	-10.108906	19.802824	-45.168938	1.000000	
training accuracy: 0.861268
============== TEST MODEL ===============
5483 1081 405 12430
accuracy: 0.923.
precision: 0.835.
recall: 0.931.
F-value: 0.881.
